app/build/outputs/logs/manifest-merger-debug-report.txt
-- Merging decision tree log ---
manifest
ADDED from src\main\AndroidManifest.xml:2:1-177:12
	xmlns:android
		ADDED from src\main\AndroidManifest.xml:2:11-69
	package
		ADDED from src\main\AndroidManifest.xml:3:5-49
		INJECTED from src\main\AndroidManifest.xml
		INJECTED from src\main\AndroidManifest.xml
	android:versionName
		ADDED from src\main\AndroidManifest.xml:5:7-32
	android:versionCode
		ADDED from src\main\AndroidManifest.xml:4:7-32
		INJECTED from src\main\AndroidManifest.xml
		INJECTED from src\main\AndroidManifest.xml
uses-sdk
ADDED from src\main\AndroidManifest.xml:14:5-73
MERGED from [com.android.support:appcompat-v7:23.0.0] AndroidManifest.xml:20:5-43
MERGED from [com.android.support:support-v4:23.0.0] AndroidManifest.xml:20:5-43
MERGED from [com.android.support:design:23.0.0] AndroidManifest.xml:20:5-43
MERGED from [com.android.support:appcompat-v7:23.0.0] AndroidManifest.xml:20:5-43
MERGED from [com.android.support:support-v4:23.0.0] AndroidManifest.xml:20:5-43
MERGED from [com.android.support:support-v4:23.0.0] AndroidManifest.xml:20:5-43
MERGED from [com.google.android.gms:play-services:7.8.0] AndroidManifest.xml:18:5-42
MERGED from [com.google.android.gms:play-services-ads:7.8.0] AndroidManifest.xml:23:5-42
MERGED from [com.google.android.gms:play-services-base:7.8.0] AndroidManifest.xml:18:5-42
MERGED from [com.android.support:support-v4:23.0.0] AndroidManifest.xml:20:5-43
MERGED from [com.google.android.gms:play-services-analytics:7.8.0] AndroidManifest.xml:18:5-42
MERGED from [com.google.android.gms:play-services-base:7.8.0] AndroidManifest.xml:18:5-42
MERGED from [com.android.support:support-v4:23.0.0] AndroidManifest.xml:20:5-43
MERGED from [com.google.android.gms:play-services-appindexing:7.8.0] AndroidManifest.xml:18:5-42
MERGED from [com.google.android.gms:play-services-base:7.8.0] AndroidManifest.xml:18:5-42
MERGED from [com.android.support:support-v4:23.0.0] AndroidManifest.xml:20:5-43
MERGED from [com.google.android.gms:play-services-analytics:7.8.0] AndroidManifest.xml:18:5-42
MERGED from [com.google.android.gms:play-services-base:7.8.0] AndroidManifest.xml:18:5-42
MERGED from [com.android.support:support-v4:23.0.0] AndroidManifest.xml:20:5-43
MERGED from [com.google.android.gms:play-services-appindexing:7.8.0] AndroidManifest.xml:18:5-42
MERGED from [com.google.android.gms:play-services-base:7.8.0] AndroidManifest.xml:18:5-42
MERGED from [com.android.support:support-v4:23.0.0] AndroidManifest.xml:20:5-43
MERGED from [com.google.android.gms:play-services-appinvite:7.8.0] AndroidManifest.xml:18:5-42
MERGED from [com.google.android.gms:play-services-base:7.8.0] AndroidManifest.xml:18:5-42
MERGED from [com.android.support:support-v4:23.0.0] AndroidManifest.xml:20:5-43
MERGED from [com.google.android.gms:play-services-appstate:7.8.0] AndroidManifest.xml:18:5-42
MERGED from [com.google.android.gms:play-services-base:7.8.0] AndroidManifest.xml:18:5-42
MERGED from [com.android.support:support-v4:23.0.0] AndroidManifest.xml:20:5-43
MERGED from [com.google.android.gms:play-services-base:7.8.0] AndroidManifest.xml:18:5-42
MERGED from [com.android.support:support-v4:23.0.0] AndroidManifest.xml:20:5-43
MERGED from [com.google.android.gms:play-services-cast:7.8.0] AndroidManifest.xml:18:5-42
MERGED from [com.google.android.gms:play-services-base:7.8.0] AndroidManifest.xml:18:5-42
MERGED from [com.android.support:support-v4:23.0.0] AndroidManifest.xml:20:5-43
MERGED from [com.android.support:mediarouter-v7:22.2.0] AndroidManifest.xml:20:5-43
MERGED from [com.android.support:appcompat-v7:23.0.0] AndroidManifest.xml:20:5-43
MERGED from [com.android.support:support-v4:23.0.0] AndroidManifest.xml:20:5-43
MERGED from [com.google.android.gms:play-services-drive:7.8.0] AndroidManifest.xml:18:5-42
MERGED from [com.google.android.gms:play-services-base:7.8.0] AndroidManifest.xml:18:5-42
MERGED from [com.android.support:support-v4:23.0.0] AndroidManifest.xml:20:5-43
MERGED from [com.google.android.gms:play-services-fitness:7.8.0] AndroidManifest.xml:18:5-42
MERGED from [com.google.android.gms:play-services-base:7.8.0] AndroidManifest.xml:18:5-42
MERGED from [com.android.support:support-v4:23.0.0] AndroidManifest.xml:20:5-43
MERGED from [com.google.android.gms:play-services-location:7.8.0] AndroidManifest.xml:18:5-42
MERGED from [com.google.android.gms:play-services-base:7.8.0] AndroidManifest.xml:18:5-42
MERGED from [com.android.support:support-v4:23.0.0] AndroidManifest.xml:20:5-43
MERGED from [com.google.android.gms:play-services-maps:7.8.0] AndroidManifest.xml:27:5-42
MERGED from [com.google.android.gms:play-services-base:7.8.0] AndroidManifest.xml:18:5-42
MERGED from [com.android.support:support-v4:23.0.0] AndroidManifest.xml:20:5-43
MERGED from [com.google.android.gms:play-services-games:7.8.0] AndroidManifest.xml:18:5-42
MERGED from [com.google.android.gms:play-services-base:7.8.0] AndroidManifest.xml:18:5-42
MERGED from [com.android.support:support-v4:23.0.0] AndroidManifest.xml:20:5-43
MERGED from [com.google.android.gms:play-services-drive:7.8.0] AndroidManifest.xml:18:5-42
MERGED from [com.google.android.gms:play-services-base:7.8.0] AndroidManifest.xml:18:5-42
MERGED from [com.android.support:support-v4:23.0.0] AndroidManifest.xml:20:5-43
MERGED from [com.google.android.gms:play-services-gcm:7.8.0] AndroidManifest.xml:18:5-42
MERGED from [com.google.android.gms:play-services-base:7.8.0] AndroidManifest.xml:18:5-42
MERGED from [com.android.support:support-v4:23.0.0] AndroidManifest.xml:20:5-43
MERGED from [com.google.android.gms:play-services-identity:7.8.0] AndroidManifest.xml:18:5-42
MERGED from [com.google.android.gms:play-services-base:7.8.0] AndroidManifest.xml:18:5-42
MERGED from [com.android.support:support-v4:23.0.0] AndroidManifest.xml:20:5-43
MERGED from [com.google.android.gms:play-services-location:7.8.0] AndroidManifest.xml:18:5-42
MERGED from [com.google.android.gms:play-services-base:7.8.0] AndroidManifest.xml:18:5-42
MERGED from [com.android.support:support-v4:23.0.0] AndroidManifest.xml:20:5-43
MERGED from [com.google.android.gms:play-services-maps:7.8.0] AndroidManifest.xml:27:5-42
MERGED from [com.google.android.gms:play-services-base:7.8.0] AndroidManifest.xml:18:5-42
MERGED from [com.android.support:support-v4:23.0.0] AndroidManifest.xml:20:5-43
MERGED from [com.google.android.gms:play-services-maps:7.8.0] AndroidManifest.xml:27:5-42
MERGED from [com.google.android.gms:play-services-base:7.8.0] AndroidManifest.xml:18:5-42
MERGED from [com.android.support:support-v4:23.0.0] AndroidManifest.xml:20:5-43
MERGED from [com.google.android.gms:play-services-nearby:7.8.0] AndroidManifest.xml:18:5-42
MERGED from [com.google.android.gms:play-services-base:7.8.0] AndroidManifest.xml:18:5-42
MERGED from [com.android.support:support-v4:23.0.0] AndroidManifest.xml:20:5-43
MERGED from [com.google.android.gms:play-services-panorama:7.8.0] AndroidManifest.xml:18:5-42
MERGED from [com.google.android.gms:play-services-base:7.8.0] AndroidManifest.xml:18:5-42
MERGED from [com.android.support:support-v4:23.0.0] AndroidManifest.xml:20:5-43
MERGED from [com.google.android.gms:play-services-plus:7.8.0] AndroidManifest.xml:18:5-42
MERGED from [com.google.android.gms:play-services-base:7.8.0] AndroidManifest.xml:18:5-42
MERGED from [com.android.support:support-v4:23.0.0] AndroidManifest.xml:20:5-43
MERGED from [com.google.android.gms:play-services-safetynet:7.8.0] AndroidManifest.xml:18:5-42
MERGED from [com.google.android.gms:play-services-base:7.8.0] AndroidManifest.xml:18:5-42
MERGED from [com.android.support:support-v4:23.0.0] AndroidManifest.xml:20:5-43
MERGED from [com.google.android.gms:play-services-vision:7.8.0] AndroidManifest.xml:4:5-42
MERGED from [com.google.android.gms:play-services-base:7.8.0] AndroidManifest.xml:18:5-42
MERGED from [com.android.support:support-v4:23.0.0] AndroidManifest.xml:20:5-43
MERGED from [com.google.android.gms:play-services-wallet:7.8.0] AndroidManifest.xml:19:5-42
MERGED from [com.google.android.gms:play-services-base:7.8.0] AndroidManifest.xml:18:5-42
MERGED from [com.android.support:support-v4:23.0.0] AndroidManifest.xml:20:5-43
MERGED from [com.google.android.gms:play-services-identity:7.8.0] AndroidManifest.xml:18:5-42
MERGED from [com.google.android.gms:play-services-base:7.8.0] AndroidManifest.xml:18:5-42
MERGED from [com.android.support:support-v4:23.0.0] AndroidManifest.xml:20:5-43
MERGED from [com.google.android.gms:play-services-maps:7.8.0] AndroidManifest.xml:27:5-42
MERGED from [com.google.android.gms:play-services-base:7.8.0] AndroidManifest.xml:18:5-42
MERGED from [com.android.support:support-v4:23.0.0] AndroidManifest.xml:20:5-43
MERGED from [com.google.android.gms:play-services-wearable:7.8.0] AndroidManifest.xml:18:5-42
MERGED from [com.google.android.gms:play-services-base:7.8.0] AndroidManifest.xml:18:5-42
MERGED from [com.android.support:support-v4:23.0.0] AndroidManifest.xml:20:5-43
MERGED from [com.google.android.gms:play-services-gcm:7.8.0] AndroidManifest.xml:18:5-42
MERGED from [com.google.android.gms:play-services-base:7.8.0] AndroidManifest.xml:18:5-42
MERGED from [com.android.support:support-v4:23.0.0] AndroidManifest.xml:20:5-43
	android:targetSdkVersion
		ADDED from src\main\AndroidManifest.xml:14:41-70
		INJECTED from src\main\AndroidManifest.xml
		INJECTED from src\main\AndroidManifest.xml
	android:minSdkVersion
		ADDED from src\main\AndroidManifest.xml:14:15-40
		INJECTED from src\main\AndroidManifest.xml
		INJECTED from src\main\AndroidManifest.xml
uses-feature#0x00020000
ADDED from src\main\AndroidManifest.xml:16:5-54
MERGED from [com.google.android.gms:play-services-maps:7.8.0] AndroidManifest.xml:23:5-25:33
MERGED from [com.google.android.gms:play-services-maps:7.8.0] AndroidManifest.xml:23:5-25:33
MERGED from [com.google.android.gms:play-services-maps:7.8.0] AndroidManifest.xml:23:5-25:33
MERGED from [com.google.android.gms:play-services-maps:7.8.0] AndroidManifest.xml:23:5-25:33
	android:required
		ADDED from [com.google.android.gms:play-services-maps:7.8.0] AndroidManifest.xml:25:8-31
	android:glEsVersion
		ADDED from src\main\AndroidManifest.xml:16:19-51
uses-feature#android.hardware.camera
ADDED from src\main\AndroidManifest.xml:32:5-60
	android:name
		ADDED from src\main\AndroidManifest.xml:32:19-57
uses-permission#android.permission.CAMERA
ADDED from src\main\AndroidManifest.xml:37:5-65
	android:name
		ADDED from src\main\AndroidManifest.xml:37:22-62
uses-permission#android.permission.INTERNET
ADDED from src\main\AndroidManifest.xml:42:5-66
MERGED from [com.google.android.gms:play-services-ads:7.8.0] AndroidManifest.xml:20:5-66
MERGED from [com.google.android.gms:play-services-analytics:7.8.0] AndroidManifest.xml:21:5-67
MERGED from [com.google.android.gms:play-services-analytics:7.8.0] AndroidManifest.xml:21:5-67
MERGED from [com.google.android.gms:play-services-appinvite:7.8.0] AndroidManifest.xml:19:5-67
MERGED from [com.google.android.gms:play-services-maps:7.8.0] AndroidManifest.xml:21:5-66
MERGED from [com.google.android.gms:play-services-gcm:7.8.0] AndroidManifest.xml:22:5-67
MERGED from [com.google.android.gms:play-services-maps:7.8.0] AndroidManifest.xml:21:5-66
MERGED from [com.google.android.gms:play-services-maps:7.8.0] AndroidManifest.xml:21:5-66
MERGED from [com.google.android.gms:play-services-wallet:7.8.0] AndroidManifest.xml:20:5-66
MERGED from [com.google.android.gms:play-services-maps:7.8.0] AndroidManifest.xml:21:5-66
MERGED from [com.google.android.gms:play-services-gcm:7.8.0] AndroidManifest.xml:22:5-67
	android:name
		ADDED from src\main\AndroidManifest.xml:42:22-64
uses-permission#android.permission.ACCESS_NETWORK_STATE
ADDED from src\main\AndroidManifest.xml:48:5-79
MERGED from [com.google.android.gms:play-services-ads:7.8.0] AndroidManifest.xml:21:5-78
MERGED from [com.google.android.gms:play-services-analytics:7.8.0] AndroidManifest.xml:22:5-79
MERGED from [com.google.android.gms:play-services-analytics:7.8.0] AndroidManifest.xml:22:5-79
MERGED from [com.google.android.gms:play-services-maps:7.8.0] AndroidManifest.xml:20:5-78
MERGED from [com.google.android.gms:play-services-maps:7.8.0] AndroidManifest.xml:20:5-78
MERGED from [com.google.android.gms:play-services-maps:7.8.0] AndroidManifest.xml:20:5-78
MERGED from [com.google.android.gms:play-services-nearby:7.8.0] AndroidManifest.xml:19:5-79
MERGED from [com.google.android.gms:play-services-maps:7.8.0] AndroidManifest.xml:20:5-78
	android:name
		ADDED from src\main\AndroidManifest.xml:48:22-76
uses-permission#android.permission.READ_EXTERNAL_STORAGE
ADDED from src\main\AndroidManifest.xml:50:5-79
	android:name
		ADDED from src\main\AndroidManifest.xml:50:22-77
uses-permission#com.google.android.c2dm.permission.RECEIVE
ADDED from src\main\AndroidManifest.xml:53:5-82
MERGED from [com.google.android.gms:play-services-gcm:7.8.0] AndroidManifest.xml:21:5-82
MERGED from [com.google.android.gms:play-services-gcm:7.8.0] AndroidManifest.xml:21:5-82
	android:name
		ADDED from src\main\AndroidManifest.xml:53:22-79
uses-permission#android.permission.WAKE_LOCK
ADDED from src\main\AndroidManifest.xml:54:5-68
	android:name
		ADDED from src\main\AndroidManifest.xml:54:22-65
uses-permission#android.permission.GET_ACCOUNTS
ADDED from src\main\AndroidManifest.xml:56:5-71
MERGED from [com.google.android.gms:play-services-wallet:7.8.0] AndroidManifest.xml:21:5-70
	android:name
		ADDED from src\main\AndroidManifest.xml:56:22-68
application
ADDED from src\main\AndroidManifest.xml:69:5-175:19
MERGED from [com.android.support:appcompat-v7:23.0.0] AndroidManifest.xml:22:5-20
MERGED from [com.android.support:support-v4:23.0.0] AndroidManifest.xml:22:5-20
MERGED from [com.android.support:design:23.0.0] AndroidManifest.xml:22:5-20
MERGED from [com.android.support:appcompat-v7:23.0.0] AndroidManifest.xml:22:5-20
MERGED from [com.android.support:support-v4:23.0.0] AndroidManifest.xml:22:5-20
MERGED from [com.android.support:support-v4:23.0.0] AndroidManifest.xml:22:5-20
MERGED from [com.google.android.gms:play-services:7.8.0] AndroidManifest.xml:19:5-20
MERGED from [com.google.android.gms:play-services-ads:7.8.0] AndroidManifest.xml:24:5-32:19
MERGED from [com.google.android.gms:play-services-base:7.8.0] AndroidManifest.xml:20:5-24:19
MERGED from [com.android.support:support-v4:23.0.0] AndroidManifest.xml:22:5-20
MERGED from [com.google.android.gms:play-services-analytics:7.8.0] AndroidManifest.xml:24:5-20
MERGED from [com.google.android.gms:play-services-base:7.8.0] AndroidManifest.xml:20:5-24:19
MERGED from [com.android.support:support-v4:23.0.0] AndroidManifest.xml:22:5-20
MERGED from [com.google.android.gms:play-services-appindexing:7.8.0] AndroidManifest.xml:19:5-20
MERGED from [com.google.android.gms:play-services-base:7.8.0] AndroidManifest.xml:20:5-24:19
MERGED from [com.android.support:support-v4:23.0.0] AndroidManifest.xml:22:5-20
MERGED from [com.google.android.gms:play-services-analytics:7.8.0] AndroidManifest.xml:24:5-20
MERGED from [com.google.android.gms:play-services-base:7.8.0] AndroidManifest.xml:20:5-24:19
MERGED from [com.android.support:support-v4:23.0.0] AndroidManifest.xml:22:5-20
MERGED from [com.google.android.gms:play-services-appindexing:7.8.0] AndroidManifest.xml:19:5-20
MERGED from [com.google.android.gms:play-services-base:7.8.0] AndroidManifest.xml:20:5-24:19
MERGED from [com.android.support:support-v4:23.0.0] AndroidManifest.xml:22:5-20
MERGED from [com.google.android.gms:play-services-appinvite:7.8.0] AndroidManifest.xml:20:5-20
MERGED from [com.google.android.gms:play-services-base:7.8.0] AndroidManifest.xml:20:5-24:19
MERGED from [com.android.support:support-v4:23.0.0] AndroidManifest.xml:22:5-20
MERGED from [com.google.android.gms:play-services-appstate:7.8.0] AndroidManifest.xml:19:5-20
MERGED from [com.google.android.gms:play-services-base:7.8.0] AndroidManifest.xml:20:5-24:19
MERGED from [com.android.support:support-v4:23.0.0] AndroidManifest.xml:22:5-20
MERGED from [com.google.android.gms:play-services-base:7.8.0] AndroidManifest.xml:20:5-24:19
MERGED from [com.android.support:support-v4:23.0.0] AndroidManifest.xml:22:5-20
MERGED from [com.google.android.gms:play-services-cast:7.8.0] AndroidManifest.xml:19:5-20
MERGED from [com.google.android.gms:play-services-base:7.8.0] AndroidManifest.xml:20:5-24:19
MERGED from [com.android.support:support-v4:23.0.0] AndroidManifest.xml:22:5-20
MERGED from [com.android.support:mediarouter-v7:22.2.0] AndroidManifest.xml:22:5-20
MERGED from [com.android.support:appcompat-v7:23.0.0] AndroidManifest.xml:22:5-20
MERGED from [com.android.support:support-v4:23.0.0] AndroidManifest.xml:22:5-20
MERGED from [com.google.android.gms:play-services-drive:7.8.0] AndroidManifest.xml:19:5-20
MERGED from [com.google.android.gms:play-services-base:7.8.0] AndroidManifest.xml:20:5-24:19
MERGED from [com.android.support:support-v4:23.0.0] AndroidManifest.xml:22:5-20
MERGED from [com.google.android.gms:play-services-fitness:7.8.0] AndroidManifest.xml:19:5-20
MERGED from [com.google.android.gms:play-services-base:7.8.0] AndroidManifest.xml:20:5-24:19
MERGED from [com.android.support:support-v4:23.0.0] AndroidManifest.xml:22:5-20
MERGED from [com.google.android.gms:play-services-location:7.8.0] AndroidManifest.xml:19:5-20
MERGED from [com.google.android.gms:play-services-base:7.8.0] AndroidManifest.xml:20:5-24:19
MERGED from [com.android.support:support-v4:23.0.0] AndroidManifest.xml:22:5-20
MERGED from [com.google.android.gms:play-services-maps:7.8.0] AndroidManifest.xml:28:5-20
MERGED from [com.google.android.gms:play-services-base:7.8.0] AndroidManifest.xml:20:5-24:19
MERGED from [com.android.support:support-v4:23.0.0] AndroidManifest.xml:22:5-20
MERGED from [com.google.android.gms:play-services-games:7.8.0] AndroidManifest.xml:19:5-20
MERGED from [com.google.android.gms:play-services-base:7.8.0] AndroidManifest.xml:20:5-24:19
MERGED from [com.android.support:support-v4:23.0.0] AndroidManifest.xml:22:5-20
MERGED from [com.google.android.gms:play-services-drive:7.8.0] AndroidManifest.xml:19:5-20
MERGED from [com.google.android.gms:play-services-base:7.8.0] AndroidManifest.xml:20:5-24:19
MERGED from [com.android.support:support-v4:23.0.0] AndroidManifest.xml:22:5-20
MERGED from [com.google.android.gms:play-services-gcm:7.8.0] AndroidManifest.xml:24:5-20
MERGED from [com.google.android.gms:play-services-base:7.8.0] AndroidManifest.xml:20:5-24:19
MERGED from [com.android.support:support-v4:23.0.0] AndroidManifest.xml:22:5-20
MERGED from [com.google.android.gms:play-services-identity:7.8.0] AndroidManifest.xml:19:5-20
MERGED from [com.google.android.gms:play-services-base:7.8.0] AndroidManifest.xml:20:5-24:19
MERGED from [com.android.support:support-v4:23.0.0] AndroidManifest.xml:22:5-20
MERGED from [com.google.android.gms:play-services-location:7.8.0] AndroidManifest.xml:19:5-20
MERGED from [com.google.android.gms:play-services-base:7.8.0] AndroidManifest.xml:20:5-24:19
MERGED from [com.android.support:support-v4:23.0.0] AndroidManifest.xml:22:5-20
MERGED from [com.google.android.gms:play-services-maps:7.8.0] AndroidManifest.xml:28:5-20
MERGED from [com.google.android.gms:play-services-base:7.8.0] AndroidManifest.xml:20:5-24:19
MERGED from [com.android.support:support-v4:23.0.0] AndroidManifest.xml:22:5-20
MERGED from [com.google.android.gms:play-services-maps:7.8.0] AndroidManifest.xml:28:5-20
MERGED from [com.google.android.gms:play-services-base:7.8.0] AndroidManifest.xml:20:5-24:19
MERGED from [com.android.support:support-v4:23.0.0] AndroidManifest.xml:22:5-20
MERGED from [com.google.android.gms:play-services-nearby:7.8.0] AndroidManifest.xml:20:5-20
MERGED from [com.google.android.gms:play-services-base:7.8.0] AndroidManifest.xml:20:5-24:19
MERGED from [com.android.support:support-v4:23.0.0] AndroidManifest.xml:22:5-20
MERGED from [com.google.android.gms:play-services-panorama:7.8.0] AndroidManifest.xml:19:5-20
MERGED from [com.google.android.gms:play-services-base:7.8.0] AndroidManifest.xml:20:5-24:19
MERGED from [com.android.support:support-v4:23.0.0] AndroidManifest.xml:22:5-20
MERGED from [com.google.android.gms:play-services-plus:7.8.0] AndroidManifest.xml:19:5-20
MERGED from [com.google.android.gms:play-services-base:7.8.0] AndroidManifest.xml:20:5-24:19
MERGED from [com.android.support:support-v4:23.0.0] AndroidManifest.xml:22:5-20
MERGED from [com.google.android.gms:play-services-safetynet:7.8.0] AndroidManifest.xml:19:5-20
MERGED from [com.google.android.gms:play-services-base:7.8.0] AndroidManifest.xml:20:5-24:19
MERGED from [com.android.support:support-v4:23.0.0] AndroidManifest.xml:22:5-20
MERGED from [com.google.android.gms:play-services-vision:7.8.0] AndroidManifest.xml:5:5-20
MERGED from [com.google.android.gms:play-services-base:7.8.0] AndroidManifest.xml:20:5-24:19
MERGED from [com.android.support:support-v4:23.0.0] AndroidManifest.xml:22:5-20
MERGED from [com.google.android.gms:play-services-base:7.8.0] AndroidManifest.xml:20:5-24:19
MERGED from [com.android.support:support-v4:23.0.0] AndroidManifest.xml:22:5-20
MERGED from [com.google.android.gms:play-services-identity:7.8.0] AndroidManifest.xml:19:5-20
MERGED from [com.google.android.gms:play-services-base:7.8.0] AndroidManifest.xml:20:5-24:19
MERGED from [com.android.support:support-v4:23.0.0] AndroidManifest.xml:22:5-20
MERGED from [com.google.android.gms:play-services-maps:7.8.0] AndroidManifest.xml:28:5-20
MERGED from [com.google.android.gms:play-services-base:7.8.0] AndroidManifest.xml:20:5-24:19
MERGED from [com.android.support:support-v4:23.0.0] AndroidManifest.xml:22:5-20
MERGED from [com.google.android.gms:play-services-wearable:7.8.0] AndroidManifest.xml:19:5-20
MERGED from [com.google.android.gms:play-services-base:7.8.0] AndroidManifest.xml:20:5-24:19
MERGED from [com.android.support:support-v4:23.0.0] AndroidManifest.xml:22:5-20
MERGED from [com.google.android.gms:play-services-gcm:7.8.0] AndroidManifest.xml:24:5-20
MERGED from [com.google.android.gms:play-services-base:7.8.0] AndroidManifest.xml:20:5-24:19
MERGED from [com.android.support:support-v4:23.0.0] AndroidManifest.xml:22:5-20
	android:label
		ADDED from src\main\AndroidManifest.xml:71:9-41
	android:allowBackup
		ADDED from src\main\AndroidManifest.xml:74:9-35
	android:icon
		ADDED from src\main\AndroidManifest.xml:70:9-38
	android:theme
		ADDED from src\main\AndroidManifest.xml:75:9-40
	android:description
		ADDED from src\main\AndroidManifest.xml:72:9-54
	android:launchMode
		ADDED from src\main\AndroidManifest.xml:73:9-40
activity#com.qualcomm.vuforia.samples.Books.ui.ActivityList.AboutScreen
ADDED from src\main\AndroidManifest.xml:95:10-100:20
	android:screenOrientation
		ADDED from src\main\AndroidManifest.xml:98:13-49
	android:configChanges
		ADDED from src\main\AndroidManifest.xml:97:13-63
	android:name
		ADDED from src\main\AndroidManifest.xml:96:13-56
activity#com.qualcomm.vuforia.samples.Books.app.Books.Books
ADDED from src\main\AndroidManifest.xml:102:9-107:15
	android:configChanges
		ADDED from src\main\AndroidManifest.xml:104:13-93
	android:theme
		ADDED from src\main\AndroidManifest.xml:105:10-48
	android:name
		ADDED from src\main\AndroidManifest.xml:103:13-44
	android:launchMode
		ADDED from src\main\AndroidManifest.xml:106:11-42
activity#sku.uitest1.SplashActivity
ADDED from src\main\AndroidManifest.xml:109:9-115:20
	android:name
		ADDED from src\main\AndroidManifest.xml:109:19-60
intent-filter#android.intent.action.MAIN+android.intent.category.LAUNCHER
ADDED from src\main\AndroidManifest.xml:110:13-114:29
action#android.intent.action.MAIN
ADDED from src\main\AndroidManifest.xml:111:17-69
	android:name
		ADDED from src\main\AndroidManifest.xml:111:25-66
category#android.intent.category.LAUNCHER
ADDED from src\main\AndroidManifest.xml:113:17-77
	android:name
		ADDED from src\main\AndroidManifest.xml:113:27-74
activity#sku.uitest1.LoginActivity
ADDED from src\main\AndroidManifest.xml:116:9-121:20
	android:windowSoftInputMode
		ADDED from src\main\AndroidManifest.xml:120:13-68
	android:label
		ADDED from src\main\AndroidManifest.xml:118:13-57
	android:configChanges
		ADDED from src\main\AndroidManifest.xml:119:13-59
	android:name
		ADDED from src\main\AndroidManifest.xml:117:13-53
activity#sku.uitest1.RegisterActivity
ADDED from src\main\AndroidManifest.xml:122:9-74
	android:name
		ADDED from src\main\AndroidManifest.xml:122:19-62
activity#sku.uitest1.MainActivity
ADDED from src\main\AndroidManifest.xml:124:9-127:20
	android:label
		ADDED from src\main\AndroidManifest.xml:126:13-45
	android:name
		ADDED from src\main\AndroidManifest.xml:125:13-52
receiver#com.google.android.gms.gcm.GcmReceiver
ADDED from src\main\AndroidManifest.xml:130:9-138:20
	android:exported
		ADDED from src\main\AndroidManifest.xml:132:13-36
	android:permission
		ADDED from src\main\AndroidManifest.xml:133:13-73
	android:name
		ADDED from src\main\AndroidManifest.xml:131:13-66
intent-filter#com.google.android.c2dm.intent.RECEIVE+net.saltfactory.demo.gcm
ADDED from src\main\AndroidManifest.xml:134:13-137:29
action#com.google.android.c2dm.intent.RECEIVE
ADDED from src\main\AndroidManifest.xml:135:17-81
	android:name
		ADDED from src\main\AndroidManifest.xml:135:25-78
category#net.saltfactory.demo.gcm
ADDED from src\main\AndroidManifest.xml:136:17-69
	android:name
		ADDED from src\main\AndroidManifest.xml:136:27-66
service#sku.gcm.MyGcmListenerService
ADDED from src\main\AndroidManifest.xml:142:9-148:19
	android:exported
		ADDED from src\main\AndroidManifest.xml:144:13-37
	android:name
		ADDED from src\main\AndroidManifest.xml:143:13-56
intent-filter#com.google.android.c2dm.intent.RECEIVE
ADDED from src\main\AndroidManifest.xml:145:13-147:29
service#sku.gcm.MyInstanceIDListenerService
ADDED from src\main\AndroidManifest.xml:152:9-158:19
	android:exported
		ADDED from src\main\AndroidManifest.xml:154:13-37
	android:name
		ADDED from src\main\AndroidManifest.xml:153:13-63
intent-filter#com.google.android.gms.iid.InstanceID
ADDED from src\main\AndroidManifest.xml:155:13-157:29
action#com.google.android.gms.iid.InstanceID
ADDED from src\main\AndroidManifest.xml:156:17-80
	android:name
		ADDED from src\main\AndroidManifest.xml:156:25-77
service#sku.gcm.RegistrationIntentService
ADDED from src\main\AndroidManifest.xml:162:9-164:48
	android:exported
		ADDED from src\main\AndroidManifest.xml:164:13-37
	android:name
		ADDED from src\main\AndroidManifest.xml:163:13-61
service#sku.uitest1.GCMService
ADDED from src\main\AndroidManifest.xml:167:9-172:19
	android:name
		ADDED from src\main\AndroidManifest.xml:167:18-55
intent-filter#sku.uitest1.startService
ADDED from src\main\AndroidManifest.xml:168:13-170:29
action#sku.uitest1.startService
ADDED from src\main\AndroidManifest.xml:169:17-66
	android:name
		ADDED from src\main\AndroidManifest.xml:169:25-64
activity#com.google.android.gms.ads.AdActivity
ADDED from [com.google.android.gms:play-services-ads:7.8.0] AndroidManifest.xml:26:9-29:64
	android:configChanges
		ADDED from [com.google.android.gms:play-services-ads:7.8.0] AndroidManifest.xml:28:13-122
	android:theme
		ADDED from [com.google.android.gms:play-services-ads:7.8.0] AndroidManifest.xml:29:13-61
	android:name
		ADDED from [com.google.android.gms:play-services-ads:7.8.0] AndroidManifest.xml:27:13-65
activity#com.google.android.gms.ads.purchase.InAppPurchaseActivity
ADDED from [com.google.android.gms:play-services-ads:7.8.0] AndroidManifest.xml:30:9-31:52
	android:theme
		ADDED from [com.google.android.gms:play-services-ads:7.8.0] AndroidManifest.xml:31:13-50
	android:name
		ADDED from [com.google.android.gms:play-services-ads:7.8.0] AndroidManifest.xml:30:19-91
meta-data#com.google.android.gms.version
ADDED from [com.google.android.gms:play-services-base:7.8.0] AndroidManifest.xml:21:9-23:69
MERGED from [com.google.android.gms:play-services-base:7.8.0] AndroidManifest.xml:21:9-23:69
MERGED from [com.google.android.gms:play-services-base:7.8.0] AndroidManifest.xml:21:9-23:69
MERGED from [com.google.android.gms:play-services-base:7.8.0] AndroidManifest.xml:21:9-23:69
MERGED from [com.google.android.gms:play-services-base:7.8.0] AndroidManifest.xml:21:9-23:69
MERGED from [com.google.android.gms:play-services-base:7.8.0] AndroidManifest.xml:21:9-23:69
MERGED from [com.google.android.gms:play-services-base:7.8.0] AndroidManifest.xml:21:9-23:69
MERGED from [com.google.android.gms:play-services-base:7.8.0] AndroidManifest.xml:21:9-23:69
MERGED from [com.google.android.gms:play-services-base:7.8.0] AndroidManifest.xml:21:9-23:69
MERGED from [com.google.android.gms:play-services-base:7.8.0] AndroidManifest.xml:21:9-23:69
MERGED from [com.google.android.gms:play-services-base:7.8.0] AndroidManifest.xml:21:9-23:69
MERGED from [com.google.android.gms:play-services-base:7.8.0] AndroidManifest.xml:21:9-23:69
MERGED from [com.google.android.gms:play-services-base:7.8.0] AndroidManifest.xml:21:9-23:69
MERGED from [com.google.android.gms:play-services-base:7.8.0] AndroidManifest.xml:21:9-23:69
MERGED from [com.google.android.gms:play-services-base:7.8.0] AndroidManifest.xml:21:9-23:69
MERGED from [com.google.android.gms:play-services-base:7.8.0] AndroidManifest.xml:21:9-23:69
MERGED from [com.google.android.gms:play-services-base:7.8.0] AndroidManifest.xml:21:9-23:69
MERGED from [com.google.android.gms:play-services-base:7.8.0] AndroidManifest.xml:21:9-23:69
MERGED from [com.google.android.gms:play-services-base:7.8.0] AndroidManifest.xml:21:9-23:69
MERGED from [com.google.android.gms:play-services-base:7.8.0] AndroidManifest.xml:21:9-23:69
MERGED from [com.google.android.gms:play-services-base:7.8.0] AndroidManifest.xml:21:9-23:69
MERGED from [com.google.android.gms:play-services-base:7.8.0] AndroidManifest.xml:21:9-23:69
MERGED from [com.google.android.gms:play-services-base:7.8.0] AndroidManifest.xml:21:9-23:69
MERGED from [com.google.android.gms:play-services-base:7.8.0] AndroidManifest.xml:21:9-23:69
MERGED from [com.google.android.gms:play-services-base:7.8.0] AndroidManifest.xml:21:9-23:69